\BOOKMARK [1][-]{section.1}{Preface}{}% 1
\BOOKMARK [1][-]{section.2}{The Mechanical System}{}% 2
\BOOKMARK [2][-]{subsection.2.1}{Preface to the Section}{section.2}% 3
\BOOKMARK [2][-]{subsection.2.2}{Gas and Brake Actuation System}{section.2}% 4
\BOOKMARK [2][-]{subsection.2.3}{Steering System}{section.2}% 5
\BOOKMARK [2][-]{subsection.2.4}{Steering Limit Switches}{section.2}% 6
\BOOKMARK [2][-]{subsection.2.5}{Wheel Encoder Mount System}{section.2}% 7
\BOOKMARK [2][-]{subsection.2.6}{Generator Mount}{section.2}% 8
\BOOKMARK [2][-]{subsection.2.7}{GPS Mount}{section.2}% 9
\BOOKMARK [2][-]{subsection.2.8}{The Electronics Box}{section.2}% 10
\BOOKMARK [1][-]{section.3}{The Electrical System}{}% 11
\BOOKMARK [2][-]{subsection.3.1}{The Power Distribution System}{section.3}% 12
\BOOKMARK [3][-]{subsubsection.3.1.1}{Power Supplies}{subsection.3.1}% 13
\BOOKMARK [3][-]{subsubsection.3.1.2}{Overview of Fuses}{subsection.3.1}% 14
\BOOKMARK [3][-]{subsubsection.3.1.3}{24V Power Distribution \(C24 Fuse Block\)}{subsection.3.1}% 15
\BOOKMARK [3][-]{subsubsection.3.1.4}{12V Power Distribution \(C12 Fuse Block\)}{subsection.3.1}% 16
\BOOKMARK [3][-]{subsubsection.3.1.5}{12V Power Distribution \(M12 Fuse Block\)}{subsection.3.1}% 17
\BOOKMARK [3][-]{subsubsection.3.1.6}{Linear Fuse Block \(Various Power Distribution\)}{subsection.3.1}% 18
\BOOKMARK [3][-]{subsubsection.3.1.7}{Terminal Strips \(5V DC Power and Ground\)}{subsection.3.1}% 19
\BOOKMARK [3][-]{subsubsection.3.1.8}{Emergency Stop System}{subsection.3.1}% 20
\BOOKMARK [2][-]{subsection.3.2}{Subsystems and Signal Connections: Steering System}{section.3}% 21
\BOOKMARK [2][-]{subsection.3.3}{Subsystems and Signal Connections: Gas and Brake Actuators}{section.3}% 22
\BOOKMARK [2][-]{subsection.3.4}{Subsystems and Signal Connections: LIDAR Serial Communication}{section.3}% 23
\BOOKMARK [2][-]{subsection.3.5}{Subsystems and Signal Connections LIDAR Tilt Units}{section.3}% 24
\BOOKMARK [2][-]{subsection.3.6}{Cabin Wire Routing}{section.3}% 25
\BOOKMARK [2][-]{subsection.3.7}{Encoder Signal Connections}{section.3}% 26
\BOOKMARK [1][-]{section.4}{Overview of the Software Architecture}{}% 27
\BOOKMARK [1][-]{section.5}{Software System Definitions}{}% 28
\BOOKMARK [2][-]{subsection.5.1}{The Vehicle Co-Ordinate System}{section.5}% 29
\BOOKMARK [2][-]{subsection.5.2}{LIDAR Co-Ordinate Definition}{section.5}% 30
\BOOKMARK [1][-]{section.6}{The Robot Software System \(LabVIEW\)}{}% 31
\BOOKMARK [2][-]{subsection.6.1}{The FPGA Hindbrain}{section.6}% 32
\BOOKMARK [3][-]{subsubsection.6.1.1}{Sensing Loop}{subsection.6.1}% 33
\BOOKMARK [2][-]{subsection.6.2}{LIDAR Point Transform}{section.6}% 34
\BOOKMARK [3][-]{subsubsection.6.2.1}{Overview of the Transform Process}{subsection.6.2}% 35
\BOOKMARK [3][-]{subsubsection.6.2.2}{Constant LIDAR Transform Properties}{subsection.6.2}% 36
\BOOKMARK [1][-]{section.7}{The Robot Software System \(ROS\)}{}% 37
\BOOKMARK [1][-]{section.8}{The OCU Software System}{}% 38
